<?xml version="1.0" encoding="UTF-8"?>
<testsuite name="MyTest" tests="1" skipped="0" failures="0" errors="0" timestamp="2020-07-09T03:24:18" hostname="cognitus-Inspiron-3576" time="0.001">
  <properties/>
  <testcase name="test" classname="MyTest" time="0.001"/>
  <system-out><![CDATA[]]></system-out>
  <system-err><![CDATA[]]></system-err>
</testsuite>
